<testsuites id="" name="" tests="1" failures="1" skipped="0" errors="0" time="69.173111">
<testsuite name="authentication.spec.ts" timestamp="2025-10-26T04:16:52.597Z" hostname="chromium" tests="1" failures="1" skipped="0" time="24.341" errors="0">
<testcase name="Authentication Tests › Login with valid credentials" classname="authentication.spec.ts" time="24.341">
<failure message="authentication.spec.ts:32:7 Login with valid credentials" type="FAILURE">
<![CDATA[  [chromium] › authentication.spec.ts:32:7 › Authentication Tests › Login with valid credentials ───

    Error: expect(page).toHaveURL(expected) failed

    Expected pattern: /.*\/dashboard/
    Received string:  "http://localhost:7777/auth/login"
    Timeout: 10000ms

    Call log:
      - Expect "toHaveURL" with timeout 10000ms
        14 × unexpected value "http://localhost:7777/auth/login"


      43 |     
      44 |     // Verify redirect to dashboard
    > 45 |     await expect(page).toHaveURL(/.*\/dashboard/)
         |                        ^
      46 |   })
      47 |
      48 |   test('Login with invalid credentials', async ({ page }) => {
        at /Users/xcode/Documents/YOLOProjects/BlessBox/tests/e2e/authentication.spec.ts:45:24

    attachment #1: screenshot (image/png) ──────────────────────────────────────────────────────────
    ../../test-results-non-blocking/authentication-Authenticat-ec4e7-ogin-with-valid-credentials-chromium/test-failed-1.png
    ────────────────────────────────────────────────────────────────────────────────────────────────

    attachment #2: video (video/webm) ──────────────────────────────────────────────────────────────
    ../../test-results-non-blocking/authentication-Authenticat-ec4e7-ogin-with-valid-credentials-chromium/video.webm
    ────────────────────────────────────────────────────────────────────────────────────────────────

    Error Context: ../../test-results-non-blocking/authentication-Authenticat-ec4e7-ogin-with-valid-credentials-chromium/error-context.md

    attachment #4: trace (application/zip) ─────────────────────────────────────────────────────────
    ../../test-results-non-blocking/authentication-Authenticat-ec4e7-ogin-with-valid-credentials-chromium/trace.zip
    Usage:

        npx playwright show-trace ../../test-results-non-blocking/authentication-Authenticat-ec4e7-ogin-with-valid-credentials-chromium/trace.zip

    ────────────────────────────────────────────────────────────────────────────────────────────────

    Retry #1 ───────────────────────────────────────────────────────────────────────────────────────

    Error: expect(page).toHaveURL(expected) failed

    Expected pattern: /.*\/dashboard/
    Received string:  "http://localhost:7777/auth/login"
    Timeout: 10000ms

    Call log:
      - Expect "toHaveURL" with timeout 10000ms
        14 × unexpected value "http://localhost:7777/auth/login"


      43 |     
      44 |     // Verify redirect to dashboard
    > 45 |     await expect(page).toHaveURL(/.*\/dashboard/)
         |                        ^
      46 |   })
      47 |
      48 |   test('Login with invalid credentials', async ({ page }) => {
        at /Users/xcode/Documents/YOLOProjects/BlessBox/tests/e2e/authentication.spec.ts:45:24

    attachment #1: screenshot (image/png) ──────────────────────────────────────────────────────────
    ../../test-results-non-blocking/authentication-Authenticat-ec4e7-ogin-with-valid-credentials-chromium-retry1/test-failed-1.png
    ────────────────────────────────────────────────────────────────────────────────────────────────

    attachment #2: video (video/webm) ──────────────────────────────────────────────────────────────
    ../../test-results-non-blocking/authentication-Authenticat-ec4e7-ogin-with-valid-credentials-chromium-retry1/video.webm
    ────────────────────────────────────────────────────────────────────────────────────────────────

    Error Context: ../../test-results-non-blocking/authentication-Authenticat-ec4e7-ogin-with-valid-credentials-chromium-retry1/error-context.md

    attachment #4: trace (application/zip) ─────────────────────────────────────────────────────────
    ../../test-results-non-blocking/authentication-Authenticat-ec4e7-ogin-with-valid-credentials-chromium-retry1/trace.zip
    Usage:

        npx playwright show-trace ../../test-results-non-blocking/authentication-Authenticat-ec4e7-ogin-with-valid-credentials-chromium-retry1/trace.zip

    ────────────────────────────────────────────────────────────────────────────────────────────────
]]>
</failure>
<system-out>
<![CDATA[
[[ATTACHMENT|test-results-non-blocking/authentication-Authenticat-ec4e7-ogin-with-valid-credentials-chromium/test-failed-1.png]]

[[ATTACHMENT|test-results-non-blocking/authentication-Authenticat-ec4e7-ogin-with-valid-credentials-chromium/video.webm]]

[[ATTACHMENT|test-results-non-blocking/authentication-Authenticat-ec4e7-ogin-with-valid-credentials-chromium/error-context.md]]

[[ATTACHMENT|test-results-non-blocking/authentication-Authenticat-ec4e7-ogin-with-valid-credentials-chromium/trace.zip]]

[[ATTACHMENT|test-results-non-blocking/authentication-Authenticat-ec4e7-ogin-with-valid-credentials-chromium-retry1/test-failed-1.png]]

[[ATTACHMENT|test-results-non-blocking/authentication-Authenticat-ec4e7-ogin-with-valid-credentials-chromium-retry1/video.webm]]

[[ATTACHMENT|test-results-non-blocking/authentication-Authenticat-ec4e7-ogin-with-valid-credentials-chromium-retry1/error-context.md]]

[[ATTACHMENT|test-results-non-blocking/authentication-Authenticat-ec4e7-ogin-with-valid-credentials-chromium-retry1/trace.zip]]
]]>
</system-out>
</testcase>
</testsuite>
</testsuites>